The system is: Linux - 3.10.48-38_fbk13_01634_g7edb0db - x86_64
Compiling the C compiler identification source file "CMakeCCompilerId.c" succeeded.
Compiler: /usr/bin/cc 
Build flags: 
Id flags: 

The output was:
0


Compilation of the C compiler identification source "CMakeCCompilerId.c" produced "a.out"

The C compiler identification is GNU, found in "/home/soumith/code/cutorch/build/CMakeFiles/3.0.0/CompilerIdC/a.out"

Compiling the CXX compiler identification source file "CMakeCXXCompilerId.cpp" succeeded.
Compiler: /usr/bin/c++ 
Build flags: 
Id flags: 

The output was:
0


Compilation of the CXX compiler identification source "CMakeCXXCompilerId.cpp" produced "a.out"

The CXX compiler identification is GNU, found in "/home/soumith/code/cutorch/build/CMakeFiles/3.0.0/CompilerIdCXX/a.out"

Determining if the C compiler works passed with the following output:
Change Dir: /home/soumith/code/cutorch/build/CMakeFiles/CMakeTmp

Run Build Command:"/usr/bin/gmake" "cmTryCompileExec4101244608/fast"
/usr/bin/gmake -f CMakeFiles/cmTryCompileExec4101244608.dir/build.make CMakeFiles/cmTryCompileExec4101244608.dir/build
gmake[1]: Entering directory `/home/soumith/code/cutorch/build/CMakeFiles/CMakeTmp'
/usr/bin/cmake -E cmake_progress_report /home/soumith/code/cutorch/build/CMakeFiles/CMakeTmp/CMakeFiles 1
Building C object CMakeFiles/cmTryCompileExec4101244608.dir/testCCompiler.c.o
/usr/bin/cc    -o CMakeFiles/cmTryCompileExec4101244608.dir/testCCompiler.c.o   -c /home/soumith/code/cutorch/build/CMakeFiles/CMakeTmp/testCCompiler.c
Linking C executable cmTryCompileExec4101244608
/usr/bin/cmake -E cmake_link_script CMakeFiles/cmTryCompileExec4101244608.dir/link.txt --verbose=1
/usr/bin/cc       CMakeFiles/cmTryCompileExec4101244608.dir/testCCompiler.c.o  -o cmTryCompileExec4101244608 -rdynamic 
gmake[1]: Leaving directory `/home/soumith/code/cutorch/build/CMakeFiles/CMakeTmp'


Detecting C compiler ABI info compiled with the following output:
Change Dir: /home/soumith/code/cutorch/build/CMakeFiles/CMakeTmp

Run Build Command:"/usr/bin/gmake" "cmTryCompileExec4227798081/fast"
/usr/bin/gmake -f CMakeFiles/cmTryCompileExec4227798081.dir/build.make CMakeFiles/cmTryCompileExec4227798081.dir/build
gmake[1]: Entering directory `/home/soumith/code/cutorch/build/CMakeFiles/CMakeTmp'
/usr/bin/cmake -E cmake_progress_report /home/soumith/code/cutorch/build/CMakeFiles/CMakeTmp/CMakeFiles 1
Building C object CMakeFiles/cmTryCompileExec4227798081.dir/CMakeCCompilerABI.c.o
/usr/bin/cc    -o CMakeFiles/cmTryCompileExec4227798081.dir/CMakeCCompilerABI.c.o   -c /usr/share/cmake/Modules/CMakeCCompilerABI.c
Linking C executable cmTryCompileExec4227798081
/usr/bin/cmake -E cmake_link_script CMakeFiles/cmTryCompileExec4227798081.dir/link.txt --verbose=1
/usr/bin/cc     -v CMakeFiles/cmTryCompileExec4227798081.dir/CMakeCCompilerABI.c.o  -o cmTryCompileExec4227798081 -rdynamic  
Using built-in specs.
COLLECT_GCC=/usr/bin/cc
COLLECT_LTO_WRAPPER=/mnt/vol/engshare_nosnap/third-party2/gcc/4.7.1/centos6-native/cc6c9dc/bin/../libexec/gcc/x86_64-redhat-linux-gnu/4.7.1/lto-wrapper
Target: x86_64-redhat-linux-gnu
Configured with: /home/engshare/third-party2/gcc/4.7.1/src/gcc-4.7.1/configure --build=x86_64-redhat-linux-gnu --host=x86_64-redhat-linux-gnu --target=x86_64-redhat-linux-gnu --prefix=/home/engshare/third-party2/gcc/4.7.1/centos6-native/cc6c9dc --exec-prefix=/home/engshare/third-party2/gcc/4.7.1/centos6-native/cc6c9dc --bindir=/home/engshare/third-party2/gcc/4.7.1/centos6-native/cc6c9dc/bin --sbindir=/home/engshare/third-party2/gcc/4.7.1/centos6-native/cc6c9dc/sbin --sysconfdir=/home/engshare/third-party2/gcc/4.7.1/centos6-native/cc6c9dc/etc --datadir=/home/engshare/third-party2/gcc/4.7.1/centos6-native/cc6c9dc/share --includedir=/home/engshare/third-party2/gcc/4.7.1/centos6-native/cc6c9dc/include --libdir=/home/engshare/third-party2/gcc/4.7.1/centos6-native/cc6c9dc/lib --libexecdir=/home/engshare/third-party2/gcc/4.7.1/centos6-native/cc6c9dc/libexec --localstatedir=/home/engshare/third-party2/gcc/4.7.1/centos6-native/cc6c9dc/var --sharedstatedir=/home/engshare/third-party2/gcc/4.7.1/centos6-native/cc6c9dc/com --mandir=/home/engshare/third-party2/gcc/4.7.1/centos6-native/cc6c9dc/share/man --infodir=/home/engshare/third-party2/gcc/4.7.1/centos6-native/cc6c9dc/share/info --with-gmp=/home/engshare/third-party2/gmp/5.0.1/centos6-native/da39a3e --with-mpfr=/home/engshare/third-party2/mpfr/3.0.0/centos6-native/c68f0aa --with-mpc=/home/engshare/third-party2/mpc/0.8.2/centos6-native/18cfc0e --with-ppl=/home/engshare/third-party2/ppl/0.10/centos6-native/c68f0aa --with-cloog=/home/engshare/third-party2/cloog/0.15.7/centos6-native/ab7be4d --enable-bootstrap --enable-shared --enable-threads=posix --enable-checking=release --with-system-zlib --enable-__cxa_atexit --disable-libunwind-exceptions --enable-languages=c,c++,fortran --disable-libgcj --enable-linker-build-id --with-gnu-as --with-gnu-ld --with-host-libstdcxx='-L/usr/lib/gcc/x86_64-redhat-linux/4.4.4 -lstdc++' --disable-multilib --enable-libstdcxx-time
Thread model: posix
gcc version 4.7.1 (GCC) 
COMPILER_PATH=/mnt/vol/engshare_nosnap/third-party2/gcc/4.7.1/centos6-native/cc6c9dc/bin/../libexec/gcc/x86_64-redhat-linux-gnu/4.7.1/:/mnt/vol/engshare_nosnap/third-party2/gcc/4.7.1/centos6-native/cc6c9dc/bin/../libexec/gcc/
LIBRARY_PATH=/mnt/vol/engshare_nosnap/third-party2/gcc/4.7.1/centos6-native/cc6c9dc/bin/../lib/gcc/x86_64-redhat-linux-gnu/4.7.1/:/mnt/vol/engshare_nosnap/third-party2/gcc/4.7.1/centos6-native/cc6c9dc/bin/../lib/gcc/:/mnt/vol/engshare_nosnap/third-party2/gcc/4.7.1/centos6-native/cc6c9dc/bin/../lib/gcc/x86_64-redhat-linux-gnu/4.7.1/../../../../lib64/:/lib/../lib64/:/usr/lib/../lib64/:/mnt/vol/engshare_nosnap/third-party2/gcc/4.7.1/centos6-native/cc6c9dc/bin/../lib/gcc/x86_64-redhat-linux-gnu/4.7.1/../../../:/lib/:/usr/lib/
COLLECT_GCC_OPTIONS='-v' '-o' 'cmTryCompileExec4227798081' '-rdynamic' '-mtune=generic' '-march=x86-64'
 /mnt/vol/engshare_nosnap/third-party2/gcc/4.7.1/centos6-native/cc6c9dc/bin/../libexec/gcc/x86_64-redhat-linux-gnu/4.7.1/collect2 --build-id --eh-frame-hdr -m elf_x86_64 -export-dynamic -dynamic-linker /lib64/ld-linux-x86-64.so.2 -o cmTryCompileExec4227798081 /usr/lib/../lib64/crt1.o /usr/lib/../lib64/crti.o /mnt/vol/engshare_nosnap/third-party2/gcc/4.7.1/centos6-native/cc6c9dc/bin/../lib/gcc/x86_64-redhat-linux-gnu/4.7.1/crtbegin.o -L/mnt/vol/engshare_nosnap/third-party2/gcc/4.7.1/centos6-native/cc6c9dc/bin/../lib/gcc/x86_64-redhat-linux-gnu/4.7.1 -L/mnt/vol/engshare_nosnap/third-party2/gcc/4.7.1/centos6-native/cc6c9dc/bin/../lib/gcc -L/mnt/vol/engshare_nosnap/third-party2/gcc/4.7.1/centos6-native/cc6c9dc/bin/../lib/gcc/x86_64-redhat-linux-gnu/4.7.1/../../../../lib64 -L/lib/../lib64 -L/usr/lib/../lib64 -L/mnt/vol/engshare_nosnap/third-party2/gcc/4.7.1/centos6-native/cc6c9dc/bin/../lib/gcc/x86_64-redhat-linux-gnu/4.7.1/../../.. CMakeFiles/cmTryCompileExec4227798081.dir/CMakeCCompilerABI.c.o -lgcc --as-needed -lgcc_s --no-as-needed -lc -lgcc --as-needed -lgcc_s --no-as-needed /mnt/vol/engshare_nosnap/third-party2/gcc/4.7.1/centos6-native/cc6c9dc/bin/../lib/gcc/x86_64-redhat-linux-gnu/4.7.1/crtend.o /usr/lib/../lib64/crtn.o
gmake[1]: Leaving directory `/home/soumith/code/cutorch/build/CMakeFiles/CMakeTmp'


Parsed C implicit link information from above output:
  link line regex: [^( *|.*[/\])(ld|([^/\]+-)?ld|collect2)[^/\]*( |$)]
  ignore line: [Change Dir: /home/soumith/code/cutorch/build/CMakeFiles/CMakeTmp]
  ignore line: []
  ignore line: [Run Build Command:"/usr/bin/gmake" "cmTryCompileExec4227798081/fast"]
  ignore line: [/usr/bin/gmake -f CMakeFiles/cmTryCompileExec4227798081.dir/build.make CMakeFiles/cmTryCompileExec4227798081.dir/build]
  ignore line: [gmake[1]: Entering directory `/home/soumith/code/cutorch/build/CMakeFiles/CMakeTmp']
  ignore line: [/usr/bin/cmake -E cmake_progress_report /home/soumith/code/cutorch/build/CMakeFiles/CMakeTmp/CMakeFiles 1]
  ignore line: [Building C object CMakeFiles/cmTryCompileExec4227798081.dir/CMakeCCompilerABI.c.o]
  ignore line: [/usr/bin/cc    -o CMakeFiles/cmTryCompileExec4227798081.dir/CMakeCCompilerABI.c.o   -c /usr/share/cmake/Modules/CMakeCCompilerABI.c]
  ignore line: [Linking C executable cmTryCompileExec4227798081]
  ignore line: [/usr/bin/cmake -E cmake_link_script CMakeFiles/cmTryCompileExec4227798081.dir/link.txt --verbose=1]
  ignore line: [/usr/bin/cc     -v CMakeFiles/cmTryCompileExec4227798081.dir/CMakeCCompilerABI.c.o  -o cmTryCompileExec4227798081 -rdynamic  ]
  ignore line: [Using built-in specs.]
  ignore line: [COLLECT_GCC=/usr/bin/cc]
  ignore line: [COLLECT_LTO_WRAPPER=/mnt/vol/engshare_nosnap/third-party2/gcc/4.7.1/centos6-native/cc6c9dc/bin/../libexec/gcc/x86_64-redhat-linux-gnu/4.7.1/lto-wrapper]
  ignore line: [Target: x86_64-redhat-linux-gnu]
  ignore line: [Configured with: /home/engshare/third-party2/gcc/4.7.1/src/gcc-4.7.1/configure --build=x86_64-redhat-linux-gnu --host=x86_64-redhat-linux-gnu --target=x86_64-redhat-linux-gnu --prefix=/home/engshare/third-party2/gcc/4.7.1/centos6-native/cc6c9dc --exec-prefix=/home/engshare/third-party2/gcc/4.7.1/centos6-native/cc6c9dc --bindir=/home/engshare/third-party2/gcc/4.7.1/centos6-native/cc6c9dc/bin --sbindir=/home/engshare/third-party2/gcc/4.7.1/centos6-native/cc6c9dc/sbin --sysconfdir=/home/engshare/third-party2/gcc/4.7.1/centos6-native/cc6c9dc/etc --datadir=/home/engshare/third-party2/gcc/4.7.1/centos6-native/cc6c9dc/share --includedir=/home/engshare/third-party2/gcc/4.7.1/centos6-native/cc6c9dc/include --libdir=/home/engshare/third-party2/gcc/4.7.1/centos6-native/cc6c9dc/lib --libexecdir=/home/engshare/third-party2/gcc/4.7.1/centos6-native/cc6c9dc/libexec --localstatedir=/home/engshare/third-party2/gcc/4.7.1/centos6-native/cc6c9dc/var --sharedstatedir=/home/engshare/third-party2/gcc/4.7.1/centos6-native/cc6c9dc/com --mandir=/home/engshare/third-party2/gcc/4.7.1/centos6-native/cc6c9dc/share/man --infodir=/home/engshare/third-party2/gcc/4.7.1/centos6-native/cc6c9dc/share/info --with-gmp=/home/engshare/third-party2/gmp/5.0.1/centos6-native/da39a3e --with-mpfr=/home/engshare/third-party2/mpfr/3.0.0/centos6-native/c68f0aa --with-mpc=/home/engshare/third-party2/mpc/0.8.2/centos6-native/18cfc0e --with-ppl=/home/engshare/third-party2/ppl/0.10/centos6-native/c68f0aa --with-cloog=/home/engshare/third-party2/cloog/0.15.7/centos6-native/ab7be4d --enable-bootstrap --enable-shared --enable-threads=posix --enable-checking=release --with-system-zlib --enable-__cxa_atexit --disable-libunwind-exceptions --enable-languages=c,c++,fortran --disable-libgcj --enable-linker-build-id --with-gnu-as --with-gnu-ld --with-host-libstdcxx='-L/usr/lib/gcc/x86_64-redhat-linux/4.4.4 -lstdc++' --disable-multilib --enable-libstdcxx-time]
  ignore line: [Thread model: posix]
  ignore line: [gcc version 4.7.1 (GCC) ]
  ignore line: [COMPILER_PATH=/mnt/vol/engshare_nosnap/third-party2/gcc/4.7.1/centos6-native/cc6c9dc/bin/../libexec/gcc/x86_64-redhat-linux-gnu/4.7.1/:/mnt/vol/engshare_nosnap/third-party2/gcc/4.7.1/centos6-native/cc6c9dc/bin/../libexec/gcc/]
  ignore line: [LIBRARY_PATH=/mnt/vol/engshare_nosnap/third-party2/gcc/4.7.1/centos6-native/cc6c9dc/bin/../lib/gcc/x86_64-redhat-linux-gnu/4.7.1/:/mnt/vol/engshare_nosnap/third-party2/gcc/4.7.1/centos6-native/cc6c9dc/bin/../lib/gcc/:/mnt/vol/engshare_nosnap/third-party2/gcc/4.7.1/centos6-native/cc6c9dc/bin/../lib/gcc/x86_64-redhat-linux-gnu/4.7.1/../../../../lib64/:/lib/../lib64/:/usr/lib/../lib64/:/mnt/vol/engshare_nosnap/third-party2/gcc/4.7.1/centos6-native/cc6c9dc/bin/../lib/gcc/x86_64-redhat-linux-gnu/4.7.1/../../../:/lib/:/usr/lib/]
  ignore line: [COLLECT_GCC_OPTIONS='-v' '-o' 'cmTryCompileExec4227798081' '-rdynamic' '-mtune=generic' '-march=x86-64']
  link line: [ /mnt/vol/engshare_nosnap/third-party2/gcc/4.7.1/centos6-native/cc6c9dc/bin/../libexec/gcc/x86_64-redhat-linux-gnu/4.7.1/collect2 --build-id --eh-frame-hdr -m elf_x86_64 -export-dynamic -dynamic-linker /lib64/ld-linux-x86-64.so.2 -o cmTryCompileExec4227798081 /usr/lib/../lib64/crt1.o /usr/lib/../lib64/crti.o /mnt/vol/engshare_nosnap/third-party2/gcc/4.7.1/centos6-native/cc6c9dc/bin/../lib/gcc/x86_64-redhat-linux-gnu/4.7.1/crtbegin.o -L/mnt/vol/engshare_nosnap/third-party2/gcc/4.7.1/centos6-native/cc6c9dc/bin/../lib/gcc/x86_64-redhat-linux-gnu/4.7.1 -L/mnt/vol/engshare_nosnap/third-party2/gcc/4.7.1/centos6-native/cc6c9dc/bin/../lib/gcc -L/mnt/vol/engshare_nosnap/third-party2/gcc/4.7.1/centos6-native/cc6c9dc/bin/../lib/gcc/x86_64-redhat-linux-gnu/4.7.1/../../../../lib64 -L/lib/../lib64 -L/usr/lib/../lib64 -L/mnt/vol/engshare_nosnap/third-party2/gcc/4.7.1/centos6-native/cc6c9dc/bin/../lib/gcc/x86_64-redhat-linux-gnu/4.7.1/../../.. CMakeFiles/cmTryCompileExec4227798081.dir/CMakeCCompilerABI.c.o -lgcc --as-needed -lgcc_s --no-as-needed -lc -lgcc --as-needed -lgcc_s --no-as-needed /mnt/vol/engshare_nosnap/third-party2/gcc/4.7.1/centos6-native/cc6c9dc/bin/../lib/gcc/x86_64-redhat-linux-gnu/4.7.1/crtend.o /usr/lib/../lib64/crtn.o]
    arg [/mnt/vol/engshare_nosnap/third-party2/gcc/4.7.1/centos6-native/cc6c9dc/bin/../libexec/gcc/x86_64-redhat-linux-gnu/4.7.1/collect2] ==> ignore
    arg [--build-id] ==> ignore
    arg [--eh-frame-hdr] ==> ignore
    arg [-m] ==> ignore
    arg [elf_x86_64] ==> ignore
    arg [-export-dynamic] ==> ignore
    arg [-dynamic-linker] ==> ignore
    arg [/lib64/ld-linux-x86-64.so.2] ==> ignore
    arg [-o] ==> ignore
    arg [cmTryCompileExec4227798081] ==> ignore
    arg [/usr/lib/../lib64/crt1.o] ==> ignore
    arg [/usr/lib/../lib64/crti.o] ==> ignore
    arg [/mnt/vol/engshare_nosnap/third-party2/gcc/4.7.1/centos6-native/cc6c9dc/bin/../lib/gcc/x86_64-redhat-linux-gnu/4.7.1/crtbegin.o] ==> ignore
    arg [-L/mnt/vol/engshare_nosnap/third-party2/gcc/4.7.1/centos6-native/cc6c9dc/bin/../lib/gcc/x86_64-redhat-linux-gnu/4.7.1] ==> dir [/mnt/vol/engshare_nosnap/third-party2/gcc/4.7.1/centos6-native/cc6c9dc/bin/../lib/gcc/x86_64-redhat-linux-gnu/4.7.1]
    arg [-L/mnt/vol/engshare_nosnap/third-party2/gcc/4.7.1/centos6-native/cc6c9dc/bin/../lib/gcc] ==> dir [/mnt/vol/engshare_nosnap/third-party2/gcc/4.7.1/centos6-native/cc6c9dc/bin/../lib/gcc]
    arg [-L/mnt/vol/engshare_nosnap/third-party2/gcc/4.7.1/centos6-native/cc6c9dc/bin/../lib/gcc/x86_64-redhat-linux-gnu/4.7.1/../../../../lib64] ==> dir [/mnt/vol/engshare_nosnap/third-party2/gcc/4.7.1/centos6-native/cc6c9dc/bin/../lib/gcc/x86_64-redhat-linux-gnu/4.7.1/../../../../lib64]
    arg [-L/lib/../lib64] ==> dir [/lib/../lib64]
    arg [-L/usr/lib/../lib64] ==> dir [/usr/lib/../lib64]
    arg [-L/mnt/vol/engshare_nosnap/third-party2/gcc/4.7.1/centos6-native/cc6c9dc/bin/../lib/gcc/x86_64-redhat-linux-gnu/4.7.1/../../..] ==> dir [/mnt/vol/engshare_nosnap/third-party2/gcc/4.7.1/centos6-native/cc6c9dc/bin/../lib/gcc/x86_64-redhat-linux-gnu/4.7.1/../../..]
    arg [CMakeFiles/cmTryCompileExec4227798081.dir/CMakeCCompilerABI.c.o] ==> ignore
    arg [-lgcc] ==> lib [gcc]
    arg [--as-needed] ==> ignore
    arg [-lgcc_s] ==> lib [gcc_s]
    arg [--no-as-needed] ==> ignore
    arg [-lc] ==> lib [c]
    arg [-lgcc] ==> lib [gcc]
    arg [--as-needed] ==> ignore
    arg [-lgcc_s] ==> lib [gcc_s]
    arg [--no-as-needed] ==> ignore
    arg [/mnt/vol/engshare_nosnap/third-party2/gcc/4.7.1/centos6-native/cc6c9dc/bin/../lib/gcc/x86_64-redhat-linux-gnu/4.7.1/crtend.o] ==> ignore
    arg [/usr/lib/../lib64/crtn.o] ==> ignore
  remove lib [gcc]
  remove lib [gcc_s]
  remove lib [gcc]
  remove lib [gcc_s]
  collapse library dir [/mnt/vol/engshare_nosnap/third-party2/gcc/4.7.1/centos6-native/cc6c9dc/bin/../lib/gcc/x86_64-redhat-linux-gnu/4.7.1] ==> [/mnt/vol/engshare_nosnap/third-party2/gcc/4.7.1/centos6-native/cc6c9dc/lib/gcc/x86_64-redhat-linux-gnu/4.7.1]
  collapse library dir [/mnt/vol/engshare_nosnap/third-party2/gcc/4.7.1/centos6-native/cc6c9dc/bin/../lib/gcc] ==> [/mnt/vol/engshare_nosnap/third-party2/gcc/4.7.1/centos6-native/cc6c9dc/lib/gcc]
  collapse library dir [/mnt/vol/engshare_nosnap/third-party2/gcc/4.7.1/centos6-native/cc6c9dc/bin/../lib/gcc/x86_64-redhat-linux-gnu/4.7.1/../../../../lib64] ==> [/mnt/vol/engshare_nosnap/third-party2/gcc/4.7.1/centos6-native/cc6c9dc/lib64]
  collapse library dir [/lib/../lib64] ==> [/lib64]
  collapse library dir [/usr/lib/../lib64] ==> [/usr/lib64]
  collapse library dir [/mnt/vol/engshare_nosnap/third-party2/gcc/4.7.1/centos6-native/cc6c9dc/bin/../lib/gcc/x86_64-redhat-linux-gnu/4.7.1/../../..] ==> [/mnt/vol/engshare_nosnap/third-party2/gcc/4.7.1/centos6-native/cc6c9dc/lib]
  implicit libs: [c]
  implicit dirs: [/mnt/vol/engshare_nosnap/third-party2/gcc/4.7.1/centos6-native/cc6c9dc/lib/gcc/x86_64-redhat-linux-gnu/4.7.1;/mnt/vol/engshare_nosnap/third-party2/gcc/4.7.1/centos6-native/cc6c9dc/lib/gcc;/mnt/vol/engshare_nosnap/third-party2/gcc/4.7.1/centos6-native/cc6c9dc/lib64;/lib64;/usr/lib64;/mnt/vol/engshare_nosnap/third-party2/gcc/4.7.1/centos6-native/cc6c9dc/lib]
  implicit fwks: []


Determining if the CXX compiler works passed with the following output:
Change Dir: /home/soumith/code/cutorch/build/CMakeFiles/CMakeTmp

Run Build Command:"/usr/bin/gmake" "cmTryCompileExec4063640328/fast"
/usr/bin/gmake -f CMakeFiles/cmTryCompileExec4063640328.dir/build.make CMakeFiles/cmTryCompileExec4063640328.dir/build
gmake[1]: Entering directory `/home/soumith/code/cutorch/build/CMakeFiles/CMakeTmp'
/usr/bin/cmake -E cmake_progress_report /home/soumith/code/cutorch/build/CMakeFiles/CMakeTmp/CMakeFiles 1
Building CXX object CMakeFiles/cmTryCompileExec4063640328.dir/testCXXCompiler.cxx.o
/usr/bin/c++     -o CMakeFiles/cmTryCompileExec4063640328.dir/testCXXCompiler.cxx.o -c /home/soumith/code/cutorch/build/CMakeFiles/CMakeTmp/testCXXCompiler.cxx
Linking CXX executable cmTryCompileExec4063640328
/usr/bin/cmake -E cmake_link_script CMakeFiles/cmTryCompileExec4063640328.dir/link.txt --verbose=1
/usr/bin/c++        CMakeFiles/cmTryCompileExec4063640328.dir/testCXXCompiler.cxx.o  -o cmTryCompileExec4063640328 -rdynamic 
gmake[1]: Leaving directory `/home/soumith/code/cutorch/build/CMakeFiles/CMakeTmp'


Detecting CXX compiler ABI info compiled with the following output:
Change Dir: /home/soumith/code/cutorch/build/CMakeFiles/CMakeTmp

Run Build Command:"/usr/bin/gmake" "cmTryCompileExec559946274/fast"
/usr/bin/gmake -f CMakeFiles/cmTryCompileExec559946274.dir/build.make CMakeFiles/cmTryCompileExec559946274.dir/build
gmake[1]: Entering directory `/home/soumith/code/cutorch/build/CMakeFiles/CMakeTmp'
/usr/bin/cmake -E cmake_progress_report /home/soumith/code/cutorch/build/CMakeFiles/CMakeTmp/CMakeFiles 1
Building CXX object CMakeFiles/cmTryCompileExec559946274.dir/CMakeCXXCompilerABI.cpp.o
/usr/bin/c++     -o CMakeFiles/cmTryCompileExec559946274.dir/CMakeCXXCompilerABI.cpp.o -c /usr/share/cmake/Modules/CMakeCXXCompilerABI.cpp
Linking CXX executable cmTryCompileExec559946274
/usr/bin/cmake -E cmake_link_script CMakeFiles/cmTryCompileExec559946274.dir/link.txt --verbose=1
/usr/bin/c++      -v CMakeFiles/cmTryCompileExec559946274.dir/CMakeCXXCompilerABI.cpp.o  -o cmTryCompileExec559946274 -rdynamic  
Using built-in specs.
Target: x86_64-redhat-linux
Configured with: ../configure --prefix=/usr --mandir=/usr/share/man --infodir=/usr/share/info --with-bugurl=http://bugzilla.redhat.com/bugzilla --enable-bootstrap --enable-shared --enable-threads=posix --enable-checking=release --with-system-zlib --enable-__cxa_atexit --disable-libunwind-exceptions --enable-gnu-unique-object --enable-languages=c,c++,objc,obj-c++,java,fortran,ada --enable-java-awt=gtk --disable-dssi --with-java-home=/usr/lib/jvm/java-1.5.0-gcj-1.5.0.0/jre --enable-libgcj-multifile --enable-java-maintainer-mode --with-ecj-jar=/usr/share/java/eclipse-ecj.jar --disable-libjava-multilib --with-ppl --with-cloog --with-tune=generic --with-arch_32=i686 --build=x86_64-redhat-linux
Thread model: posix
gcc version 4.4.6 20120305 (Red Hat 4.4.6-4) (GCC) 
COMPILER_PATH=/usr/libexec/gcc/x86_64-redhat-linux/4.4.6/:/usr/libexec/gcc/x86_64-redhat-linux/4.4.6/:/usr/libexec/gcc/x86_64-redhat-linux/:/usr/lib/gcc/x86_64-redhat-linux/4.4.6/:/usr/lib/gcc/x86_64-redhat-linux/:/usr/libexec/gcc/x86_64-redhat-linux/4.4.6/:/usr/libexec/gcc/x86_64-redhat-linux/:/usr/lib/gcc/x86_64-redhat-linux/4.4.6/:/usr/lib/gcc/x86_64-redhat-linux/
LIBRARY_PATH=/usr/lib/gcc/x86_64-redhat-linux/4.4.6/:/usr/lib/gcc/x86_64-redhat-linux/4.4.6/:/usr/lib/gcc/x86_64-redhat-linux/4.4.6/../../../../lib64/:/lib/../lib64/:/usr/lib/../lib64/:/usr/lib/gcc/x86_64-redhat-linux/4.4.6/../../../:/lib/:/usr/lib/
COLLECT_GCC_OPTIONS='-v' '-o' 'cmTryCompileExec559946274' '-rdynamic' '-shared-libgcc' '-mtune=generic'
 /usr/libexec/gcc/x86_64-redhat-linux/4.4.6/collect2 --eh-frame-hdr --build-id -m elf_x86_64 --hash-style=gnu -export-dynamic -dynamic-linker /lib64/ld-linux-x86-64.so.2 -o cmTryCompileExec559946274 /usr/lib/gcc/x86_64-redhat-linux/4.4.6/../../../../lib64/crt1.o /usr/lib/gcc/x86_64-redhat-linux/4.4.6/../../../../lib64/crti.o /usr/lib/gcc/x86_64-redhat-linux/4.4.6/crtbegin.o -L/usr/lib/gcc/x86_64-redhat-linux/4.4.6 -L/usr/lib/gcc/x86_64-redhat-linux/4.4.6 -L/usr/lib/gcc/x86_64-redhat-linux/4.4.6/../../../../lib64 -L/lib/../lib64 -L/usr/lib/../lib64 -L/usr/lib/gcc/x86_64-redhat-linux/4.4.6/../../.. CMakeFiles/cmTryCompileExec559946274.dir/CMakeCXXCompilerABI.cpp.o -lstdc++ -lm -lgcc_s -lgcc -lc -lgcc_s -lgcc /usr/lib/gcc/x86_64-redhat-linux/4.4.6/crtend.o /usr/lib/gcc/x86_64-redhat-linux/4.4.6/../../../../lib64/crtn.o
gmake[1]: Leaving directory `/home/soumith/code/cutorch/build/CMakeFiles/CMakeTmp'


Parsed CXX implicit link information from above output:
  link line regex: [^( *|.*[/\])(ld|([^/\]+-)?ld|collect2)[^/\]*( |$)]
  ignore line: [Change Dir: /home/soumith/code/cutorch/build/CMakeFiles/CMakeTmp]
  ignore line: []
  ignore line: [Run Build Command:"/usr/bin/gmake" "cmTryCompileExec559946274/fast"]
  ignore line: [/usr/bin/gmake -f CMakeFiles/cmTryCompileExec559946274.dir/build.make CMakeFiles/cmTryCompileExec559946274.dir/build]
  ignore line: [gmake[1]: Entering directory `/home/soumith/code/cutorch/build/CMakeFiles/CMakeTmp']
  ignore line: [/usr/bin/cmake -E cmake_progress_report /home/soumith/code/cutorch/build/CMakeFiles/CMakeTmp/CMakeFiles 1]
  ignore line: [Building CXX object CMakeFiles/cmTryCompileExec559946274.dir/CMakeCXXCompilerABI.cpp.o]
  ignore line: [/usr/bin/c++     -o CMakeFiles/cmTryCompileExec559946274.dir/CMakeCXXCompilerABI.cpp.o -c /usr/share/cmake/Modules/CMakeCXXCompilerABI.cpp]
  ignore line: [Linking CXX executable cmTryCompileExec559946274]
  ignore line: [/usr/bin/cmake -E cmake_link_script CMakeFiles/cmTryCompileExec559946274.dir/link.txt --verbose=1]
  ignore line: [/usr/bin/c++      -v CMakeFiles/cmTryCompileExec559946274.dir/CMakeCXXCompilerABI.cpp.o  -o cmTryCompileExec559946274 -rdynamic  ]
  ignore line: [Using built-in specs.]
  ignore line: [Target: x86_64-redhat-linux]
  ignore line: [Configured with: ../configure --prefix=/usr --mandir=/usr/share/man --infodir=/usr/share/info --with-bugurl=http://bugzilla.redhat.com/bugzilla --enable-bootstrap --enable-shared --enable-threads=posix --enable-checking=release --with-system-zlib --enable-__cxa_atexit --disable-libunwind-exceptions --enable-gnu-unique-object --enable-languages=c,c++,objc,obj-c++,java,fortran,ada --enable-java-awt=gtk --disable-dssi --with-java-home=/usr/lib/jvm/java-1.5.0-gcj-1.5.0.0/jre --enable-libgcj-multifile --enable-java-maintainer-mode --with-ecj-jar=/usr/share/java/eclipse-ecj.jar --disable-libjava-multilib --with-ppl --with-cloog --with-tune=generic --with-arch_32=i686 --build=x86_64-redhat-linux]
  ignore line: [Thread model: posix]
  ignore line: [gcc version 4.4.6 20120305 (Red Hat 4.4.6-4) (GCC) ]
  ignore line: [COMPILER_PATH=/usr/libexec/gcc/x86_64-redhat-linux/4.4.6/:/usr/libexec/gcc/x86_64-redhat-linux/4.4.6/:/usr/libexec/gcc/x86_64-redhat-linux/:/usr/lib/gcc/x86_64-redhat-linux/4.4.6/:/usr/lib/gcc/x86_64-redhat-linux/:/usr/libexec/gcc/x86_64-redhat-linux/4.4.6/:/usr/libexec/gcc/x86_64-redhat-linux/:/usr/lib/gcc/x86_64-redhat-linux/4.4.6/:/usr/lib/gcc/x86_64-redhat-linux/]
  ignore line: [LIBRARY_PATH=/usr/lib/gcc/x86_64-redhat-linux/4.4.6/:/usr/lib/gcc/x86_64-redhat-linux/4.4.6/:/usr/lib/gcc/x86_64-redhat-linux/4.4.6/../../../../lib64/:/lib/../lib64/:/usr/lib/../lib64/:/usr/lib/gcc/x86_64-redhat-linux/4.4.6/../../../:/lib/:/usr/lib/]
  ignore line: [COLLECT_GCC_OPTIONS='-v' '-o' 'cmTryCompileExec559946274' '-rdynamic' '-shared-libgcc' '-mtune=generic']
  link line: [ /usr/libexec/gcc/x86_64-redhat-linux/4.4.6/collect2 --eh-frame-hdr --build-id -m elf_x86_64 --hash-style=gnu -export-dynamic -dynamic-linker /lib64/ld-linux-x86-64.so.2 -o cmTryCompileExec559946274 /usr/lib/gcc/x86_64-redhat-linux/4.4.6/../../../../lib64/crt1.o /usr/lib/gcc/x86_64-redhat-linux/4.4.6/../../../../lib64/crti.o /usr/lib/gcc/x86_64-redhat-linux/4.4.6/crtbegin.o -L/usr/lib/gcc/x86_64-redhat-linux/4.4.6 -L/usr/lib/gcc/x86_64-redhat-linux/4.4.6 -L/usr/lib/gcc/x86_64-redhat-linux/4.4.6/../../../../lib64 -L/lib/../lib64 -L/usr/lib/../lib64 -L/usr/lib/gcc/x86_64-redhat-linux/4.4.6/../../.. CMakeFiles/cmTryCompileExec559946274.dir/CMakeCXXCompilerABI.cpp.o -lstdc++ -lm -lgcc_s -lgcc -lc -lgcc_s -lgcc /usr/lib/gcc/x86_64-redhat-linux/4.4.6/crtend.o /usr/lib/gcc/x86_64-redhat-linux/4.4.6/../../../../lib64/crtn.o]
    arg [/usr/libexec/gcc/x86_64-redhat-linux/4.4.6/collect2] ==> ignore
    arg [--eh-frame-hdr] ==> ignore
    arg [--build-id] ==> ignore
    arg [-m] ==> ignore
    arg [elf_x86_64] ==> ignore
    arg [--hash-style=gnu] ==> ignore
    arg [-export-dynamic] ==> ignore
    arg [-dynamic-linker] ==> ignore
    arg [/lib64/ld-linux-x86-64.so.2] ==> ignore
    arg [-o] ==> ignore
    arg [cmTryCompileExec559946274] ==> ignore
    arg [/usr/lib/gcc/x86_64-redhat-linux/4.4.6/../../../../lib64/crt1.o] ==> ignore
    arg [/usr/lib/gcc/x86_64-redhat-linux/4.4.6/../../../../lib64/crti.o] ==> ignore
    arg [/usr/lib/gcc/x86_64-redhat-linux/4.4.6/crtbegin.o] ==> ignore
    arg [-L/usr/lib/gcc/x86_64-redhat-linux/4.4.6] ==> dir [/usr/lib/gcc/x86_64-redhat-linux/4.4.6]
    arg [-L/usr/lib/gcc/x86_64-redhat-linux/4.4.6] ==> dir [/usr/lib/gcc/x86_64-redhat-linux/4.4.6]
    arg [-L/usr/lib/gcc/x86_64-redhat-linux/4.4.6/../../../../lib64] ==> dir [/usr/lib/gcc/x86_64-redhat-linux/4.4.6/../../../../lib64]
    arg [-L/lib/../lib64] ==> dir [/lib/../lib64]
    arg [-L/usr/lib/../lib64] ==> dir [/usr/lib/../lib64]
    arg [-L/usr/lib/gcc/x86_64-redhat-linux/4.4.6/../../..] ==> dir [/usr/lib/gcc/x86_64-redhat-linux/4.4.6/../../..]
    arg [CMakeFiles/cmTryCompileExec559946274.dir/CMakeCXXCompilerABI.cpp.o] ==> ignore
    arg [-lstdc++] ==> lib [stdc++]
    arg [-lm] ==> lib [m]
    arg [-lgcc_s] ==> lib [gcc_s]
    arg [-lgcc] ==> lib [gcc]
    arg [-lc] ==> lib [c]
    arg [-lgcc_s] ==> lib [gcc_s]
    arg [-lgcc] ==> lib [gcc]
    arg [/usr/lib/gcc/x86_64-redhat-linux/4.4.6/crtend.o] ==> ignore
    arg [/usr/lib/gcc/x86_64-redhat-linux/4.4.6/../../../../lib64/crtn.o] ==> ignore
  remove lib [gcc_s]
  remove lib [gcc]
  remove lib [gcc_s]
  remove lib [gcc]
  collapse library dir [/usr/lib/gcc/x86_64-redhat-linux/4.4.6] ==> [/usr/lib/gcc/x86_64-redhat-linux/4.4.6]
  collapse library dir [/usr/lib/gcc/x86_64-redhat-linux/4.4.6] ==> [/usr/lib/gcc/x86_64-redhat-linux/4.4.6]
  collapse library dir [/usr/lib/gcc/x86_64-redhat-linux/4.4.6/../../../../lib64] ==> [/usr/lib64]
  collapse library dir [/lib/../lib64] ==> [/lib64]
  collapse library dir [/usr/lib/../lib64] ==> [/usr/lib64]
  collapse library dir [/usr/lib/gcc/x86_64-redhat-linux/4.4.6/../../..] ==> [/usr/lib]
  implicit libs: [stdc++;m;c]
  implicit dirs: [/usr/lib/gcc/x86_64-redhat-linux/4.4.6;/usr/lib64;/lib64;/usr/lib]
  implicit fwks: []


